<?xml version="1.0" encoding="UTF-8"?>
<!-- Generated by org.testng.reporters.JUnitXMLReporter -->
<testsuite hostname="Gawhari" ignored="0" name="Login to Hotel Page" tests="2" failures="1" timestamp="07 Jul 2020 23:26:54 GMT" time="16.374" errors="0">
  <testcase name="loginToHotelPage" time="7.065" classname="tests.HotelLogin"/>
  <testcase name="loginwithparameters" time="0.0" classname="tests.HotelLogin">
    <failure type="org.testng.TestNGException" message="
Parameter &amp;apos;passwrord&amp;apos; is required by @Test on method loginwithparameters but has not been marked @Optional or defined
in C:\TestNG framework source code\us.tekschool.testNG.sdet\src\test\resources\runner\testng_suite.xml">
      <![CDATA[org.testng.TestNGException: 
Parameter 'passwrord' is required by @Test on method loginwithparameters but has not been marked @Optional or defined
in C:\TestNG framework source code\us.tekschool.testNG.sdet\src\test\resources\runner\testng_suite.xml
at org.testng.internal.Parameters.createParams(Parameters.java:290)
at org.testng.internal.Parameters.createParametersForMethod(Parameters.java:359)
at org.testng.internal.Parameters.createParameters(Parameters.java:620)
at org.testng.internal.Parameters.handleParameters(Parameters.java:769)
at org.testng.internal.ParameterHandler.handleParameters(ParameterHandler.java:49)
at org.testng.internal.ParameterHandler.createParameters(ParameterHandler.java:37)
at org.testng.internal.Invoker.invokeTestMethods(Invoker.java:924)
at org.testng.internal.TestMethodWorker.invokeTestMethods(TestMethodWorker.java:125)
at org.testng.internal.TestMethodWorker.run(TestMethodWorker.java:109)
at org.testng.TestRunner.privateRun(TestRunner.java:648)
at org.testng.TestRunner.run(TestRunner.java:505)
at org.testng.SuiteRunner.runTest(SuiteRunner.java:455)
at org.testng.SuiteRunner.runSequentially(SuiteRunner.java:450)
at org.testng.SuiteRunner.privateRun(SuiteRunner.java:415)
at org.testng.SuiteRunner.run(SuiteRunner.java:364)
at org.testng.SuiteRunnerWorker.runSuite(SuiteRunnerWorker.java:52)
at org.testng.SuiteRunnerWorker.run(SuiteRunnerWorker.java:84)
at org.testng.TestNG.runSuitesSequentially(TestNG.java:1208)
at org.testng.TestNG.runSuitesLocally(TestNG.java:1137)
at org.testng.TestNG.runSuites(TestNG.java:1049)
at org.testng.TestNG.run(TestNG.java:1017)
at org.testng.remote.AbstractRemoteTestNG.run(AbstractRemoteTestNG.java:115)
at org.testng.remote.RemoteTestNG.initAndRun(RemoteTestNG.java:251)
at org.testng.remote.RemoteTestNG.main(RemoteTestNG.java:77)
]]>
    </failure>
  </testcase> <!-- loginwithparameters -->
</testsuite> <!-- Login to Hotel Page -->
